<?xml version="1.0" encoding="UTF-8"?>
<testng-results ignored="0" total="2" passed="2" failed="0" skipped="0">
  <reporter-output>
  </reporter-output>
  <suite started-at="2022-02-26T23:24:22 SGT" name="Default suite" finished-at="2022-02-26T23:24:24 SGT" duration-ms="1979">
    <groups>
    </groups>
    <test started-at="2022-02-26T23:24:22 SGT" name="Default test" finished-at="2022-02-26T23:24:24 SGT" duration-ms="1979">
      <class name="com.sddevops.selenium_maven.eclipse.NewTest">
        <test-method is-config="true" signature="beforeTest()[pri:0, instance:com.sddevops.selenium_maven.eclipse.NewTest@fa36558]" started-at="2022-02-26T23:24:22 SGT" name="beforeTest" finished-at="2022-02-26T23:24:23 SGT" duration-ms="1438" status="PASS">
          <reporter-output>
          </reporter-output>
        </test-method> <!-- beforeTest -->
        <test-method signature="checkId()[pri:0, instance:com.sddevops.selenium_maven.eclipse.NewTest@fa36558]" started-at="2022-02-26T23:24:23 SGT" name="checkId" finished-at="2022-02-26T23:24:23 SGT" duration-ms="209" status="PASS">
          <reporter-output>
          </reporter-output>
        </test-method> <!-- checkId -->
        <test-method signature="checkTitle()[pri:0, instance:com.sddevops.selenium_maven.eclipse.NewTest@fa36558]" started-at="2022-02-26T23:24:23 SGT" name="checkTitle" finished-at="2022-02-26T23:24:24 SGT" duration-ms="172" status="PASS">
          <reporter-output>
          </reporter-output>
        </test-method> <!-- checkTitle -->
        <test-method is-config="true" signature="afterTest()[pri:0, instance:com.sddevops.selenium_maven.eclipse.NewTest@fa36558]" started-at="2022-02-26T23:24:24 SGT" name="afterTest" finished-at="2022-02-26T23:24:24 SGT" duration-ms="117" status="PASS">
          <reporter-output>
          </reporter-output>
        </test-method> <!-- afterTest -->
      </class> <!-- com.sddevops.selenium_maven.eclipse.NewTest -->
    </test> <!-- Default test -->
  </suite> <!-- Default suite -->
</testng-results>
