<?xml version="1.0" encoding="UTF-8"?>
<testng-results ignored="0" total="2" passed="2" failed="0" skipped="0">
  <reporter-output>
  </reporter-output>
  <suite started-at="2022-02-26T17:06:09 SGT" name="Suite" finished-at="2022-02-26T17:06:12 SGT" duration-ms="2855">
    <groups>
    </groups>
    <test started-at="2022-02-26T17:06:09 SGT" name="Test" finished-at="2022-02-26T17:06:12 SGT" duration-ms="2855">
      <class name="com.sddevops.selenium_maven.eclipse.NewTest">
        <test-method is-config="true" signature="beforeTest()[pri:0, instance:com.sddevops.selenium_maven.eclipse.NewTest@fa36558]" started-at="2022-02-26T17:06:09 SGT" name="beforeTest" finished-at="2022-02-26T17:06:11 SGT" duration-ms="1438" status="PASS">
          <reporter-output>
          </reporter-output>
        </test-method> <!-- beforeTest -->
        <test-method signature="checkId()[pri:0, instance:com.sddevops.selenium_maven.eclipse.NewTest@fa36558]" started-at="2022-02-26T17:06:11 SGT" name="checkId" finished-at="2022-02-26T17:06:11 SGT" duration-ms="394" status="PASS">
          <reporter-output>
          </reporter-output>
        </test-method> <!-- checkId -->
        <test-method signature="checkTitle()[pri:0, instance:com.sddevops.selenium_maven.eclipse.NewTest@fa36558]" started-at="2022-02-26T17:06:11 SGT" name="checkTitle" finished-at="2022-02-26T17:06:12 SGT" duration-ms="875" status="PASS">
          <reporter-output>
          </reporter-output>
        </test-method> <!-- checkTitle -->
        <test-method is-config="true" signature="afterTest()[pri:0, instance:com.sddevops.selenium_maven.eclipse.NewTest@fa36558]" started-at="2022-02-26T17:06:12 SGT" name="afterTest" finished-at="2022-02-26T17:06:12 SGT" duration-ms="116" status="PASS">
          <reporter-output>
          </reporter-output>
        </test-method> <!-- afterTest -->
      </class> <!-- com.sddevops.selenium_maven.eclipse.NewTest -->
    </test> <!-- Test -->
  </suite> <!-- Suite -->
</testng-results>
